🚀 [背景任務] 開始為前 30 個單字生成動漫插圖 (DALL-E 3)...
🎨 正在繪製單字: encounter (遇到)...
✅ encounter 繪製完成！
🎨 正在繪製單字: justify (證明...是正當的)...
✅ justify 繪製完成！
🎨 正在繪製單字: exceed (超過)...
✅ exceed 繪製完成！
🎨 正在繪製單字: compensate (補償)...
✅ compensate 繪製完成！
🎨 正在繪製單字: culture (文化)...
✅ culture 繪製完成！
🎨 正在繪製單字: conform (遵守)...
✅ conform 繪製完成！
🎨 正在繪製單字: ethical (倫理的)...
✅ ethical 繪製完成！
🎨 正在繪製單字: ignorant (無知的)...
✅ ignorant 繪製完成！
🎨 正在繪製單字: enlighten (啟發)...
✅ enlighten 繪製完成！
🎨 正在繪製單字: assess (評估；評定)...
✅ assess 繪製完成！
🎨 正在繪製單字: drastic (劇烈的；嚴厲的)...
✅ drastic 繪製完成！
🎨 正在繪製單字: indispensable (不可或缺的)...
❌ 繪製 indispensable 時發生錯誤: HTTP Error 400: Bad Request
🎨 正在繪製單字: tolerate (容忍)...
✅ tolerate 繪製完成！
🎨 正在繪製單字: scrutinize (詳細檢查)...
✅ scrutinize 繪製完成！
🎨 正在繪製單字: distribute (分發；分配)...
✅ distribute 繪製完成！
🎨 正在繪製單字: resolve (解決)...
✅ resolve 繪製完成！
🎨 正在繪製單字: confine (限制)...
✅ confine 繪製完成！
🎨 正在繪製單字: evolve (進化；發展)...
✅ evolve 繪製完成！
🎨 正在繪製單字: advocate (提倡)...
✅ advocate 繪製完成！
🎨 正在繪製單字: investigate (調查；研究)...
✅ investigate 繪製完成！
🎨 正在繪製單字: harsh (嚴苛的)...
✅ harsh 繪製完成！
🎨 正在繪製單字: attitude (態度)...
✅ attitude 繪製完成！
🎨 正在繪製單字: context (背景；上下文)...
✅ context 繪製完成！
🎨 正在繪製單字: efficient (有效率的)...
✅ efficient 繪製完成！
🎨 正在繪製單字: inflate (使膨脹)...
✅ inflate 繪製完成！
🎨 正在繪製單字: initiate (開始)...
✅ initiate 繪製完成！
🎨 正在繪製單字: concise (簡潔的；精煉的)...
✅ concise 繪製完成！
🎨 正在繪製單字: generate (產生；造成)...
✅ generate 繪製完成！
🎨 正在繪製單字: reconcile (和解)...
✅ reconcile 繪製完成！
🎨 正在繪製單字: establish (建立；創立)...
✅ establish 繪製完成！
🎉 [背景任務] 首批 30 張動漫單字圖鑑生成完畢！
📁 儲存路徑: /Users/alex-ai/.openclaw/workspace/assets/srs-data/anime-images
